{"/Users/ljouvnee/Projects/ais-survey-dashboard/assets/config/configuration.ts": {"path":"/Users/ljouvnee/Projects/ais-survey-dashboard/assets/config/configuration.ts","statementMap":{"0":{"start":{"line":1,"column":0},"end":{"line":1,"column":23}},"1":{"start":{"line":2,"column":0},"end":{"line":2,"column":39}},"2":{"start":{"line":3,"column":0},"end":{"line":3,"column":32}},"3":{"start":{"line":4,"column":0},"end":{"line":4,"column":33}},"4":{"start":{"line":7,"column":2},"end":{"line":13,"column":5}},"5":{"start":{"line":8,"column":16},"end":{"line":8,"column":33}},"6":{"start":{"line":9,"column":4},"end":{"line":9,"column":76}},"7":{"start":{"line":9,"column":57},"end":{"line":9,"column":76}},"8":{"start":{"line":10,"column":4},"end":{"line":10,"column":38}},"9":{"start":{"line":10,"column":27},"end":{"line":10,"column":38}},"10":{"start":{"line":11,"column":4},"end":{"line":11,"column":60}},"11":{"start":{"line":11,"column":16},"end":{"line":11,"column":60}},"12":{"start":{"line":12,"column":4},"end":{"line":12,"column":14}},"13":{"start":{"line":17,"column":14},"end":{"line":17,"column":40}},"14":{"start":{"line":18,"column":19},"end":{"line":18,"column":39}},"15":{"start":{"line":19,"column":2},"end":{"line":19,"column":52}},"16":{"start":{"line":23,"column":13},"end":{"line":23,"column":40}},"17":{"start":{"line":24,"column":16},"end":{"line":24,"column":78}},"18":{"start":{"line":26,"column":13},"end":{"line":26,"column":76}},"19":{"start":{"line":27,"column":13},"end":{"line":27,"column":54}}},"fnMap":{"0":{"name":"expandEnv","decl":{"start":{"line":6,"column":9},"end":{"line":6,"column":18}},"loc":{"start":{"line":6,"column":57},"end":{"line":14,"column":1}}},"1":{"name":"(anonymous_7)","decl":{"start":{"line":7,"column":58},"end":{"line":7,"column":59}},"loc":{"start":{"line":7,"column":76},"end":{"line":13,"column":3}}},"2":{"name":"loadYamlWithEnv","decl":{"start":{"line":16,"column":9},"end":{"line":16,"column":24}},"loc":{"start":{"line":16,"column":66},"end":{"line":20,"column":1}}}},"branchMap":{"0":{"loc":{"start":{"line":6,"column":34},"end":{"line":6,"column":57}},"type":"default-arg","locations":[{"start":{"line":6,"column":55},"end":{"line":6,"column":57}}]},"1":{"loc":{"start":{"line":6,"column":36},"end":{"line":6,"column":50}},"type":"default-arg","locations":[{"start":{"line":6,"column":45},"end":{"line":6,"column":50}}]},"2":{"loc":{"start":{"line":9,"column":4},"end":{"line":9,"column":76}},"type":"if","locations":[{"start":{"line":9,"column":4},"end":{"line":9,"column":76}}]},"3":{"loc":{"start":{"line":9,"column":8},"end":{"line":9,"column":55}},"type":"binary-expr","locations":[{"start":{"line":9,"column":8},"end":{"line":9,"column":25}},{"start":{"line":9,"column":29},"end":{"line":9,"column":41}},{"start":{"line":9,"column":45},"end":{"line":9,"column":55}}]},"4":{"loc":{"start":{"line":10,"column":4},"end":{"line":10,"column":38}},"type":"if","locations":[{"start":{"line":10,"column":4},"end":{"line":10,"column":38}}]},"5":{"loc":{"start":{"line":11,"column":4},"end":{"line":11,"column":60}},"type":"if","locations":[{"start":{"line":11,"column":4},"end":{"line":11,"column":60}}]},"6":{"loc":{"start":{"line":23,"column":13},"end":{"line":23,"column":40}},"type":"binary-expr","locations":[{"start":{"line":23,"column":13},"end":{"line":23,"column":29}},{"start":{"line":23,"column":33},"end":{"line":23,"column":40}}]}},"s":{"0":2,"1":2,"2":2,"3":2,"4":4,"5":24,"6":24,"7":24,"8":0,"9":0,"10":0,"11":0,"12":0,"13":4,"14":4,"15":4,"16":2,"17":2,"18":2,"19":2},"f":{"0":4,"1":24,"2":4},"b":{"0":[2],"1":[2],"2":[24],"3":[24,24,24],"4":[0],"5":[0],"6":[2,0]}}
,"/Users/ljouvnee/Projects/ais-survey-dashboard/src/authentication/authentication.controller.ts": {"path":"/Users/ljouvnee/Projects/ais-survey-dashboard/src/authentication/authentication.controller.ts","statementMap":{"0":{"start":{"line":1,"column":0},"end":{"line":1,"column":87}},"1":{"start":{"line":2,"column":0},"end":{"line":2,"column":65}},"2":{"start":{"line":3,"column":0},"end":{"line":3,"column":46}},"3":{"start":{"line":4,"column":0},"end":{"line":4,"column":45}},"4":{"start":{"line":7,"column":7},"end":{"line":17,"column":null}},"5":{"start":{"line":8,"column":31},"end":{"line":8,"column":37}},"6":{"start":{"line":15,"column":4},"end":{"line":15,"column":32}},"7":{"start":{"line":14,"column":8},"end":{"line":16,"column":null}},"8":{"start":{"line":7,"column":13},"end":{"line":17,"column":null}},"9":{"start":{"line":7,"column":13},"end":{"line":7,"column":37}}},"fnMap":{"0":{"name":"(anonymous_4)","decl":{"start":{"line":8,"column":2},"end":{"line":8,"column":31}},"loc":{"start":{"line":8,"column":58},"end":{"line":8,"column":62}}},"1":{"name":"(anonymous_5)","decl":{"start":{"line":14,"column":2},"end":{"line":14,"column":7}},"loc":{"start":{"line":14,"column":36},"end":{"line":16,"column":3}}}},"branchMap":{},"s":{"0":1,"1":1,"2":1,"3":1,"4":1,"5":1,"6":1,"7":1,"8":1,"9":1},"f":{"0":1,"1":1},"b":{}}
,"/Users/ljouvnee/Projects/ais-survey-dashboard/src/authentication/authentication.service.ts": {"path":"/Users/ljouvnee/Projects/ais-survey-dashboard/src/authentication/authentication.service.ts","statementMap":{"0":{"start":{"line":1,"column":0},"end":{"line":1,"column":67}},"1":{"start":{"line":2,"column":0},"end":{"line":2,"column":41}},"2":{"start":{"line":7,"column":7},"end":{"line":21,"column":null}},"3":{"start":{"line":8,"column":31},"end":{"line":8,"column":36}},"4":{"start":{"line":11,"column":4},"end":{"line":11,"column":34}},"5":{"start":{"line":15,"column":4},"end":{"line":17,"column":null}},"6":{"start":{"line":16,"column":6},"end":{"line":16,"column":61}},"7":{"start":{"line":18,"column":25},"end":{"line":18,"column":92}},"8":{"start":{"line":19,"column":4},"end":{"line":19,"column":28}},"9":{"start":{"line":7,"column":13},"end":{"line":21,"column":null}},"10":{"start":{"line":7,"column":13},"end":{"line":7,"column":34}}},"fnMap":{"0":{"name":"(anonymous_2)","decl":{"start":{"line":8,"column":2},"end":{"line":8,"column":31}},"loc":{"start":{"line":8,"column":46},"end":{"line":8,"column":50}}},"1":{"name":"(anonymous_3)","decl":{"start":{"line":10,"column":10},"end":{"line":10,"column":14}},"loc":{"start":{"line":10,"column":43},"end":{"line":12,"column":3}}},"2":{"name":"(anonymous_4)","decl":{"start":{"line":14,"column":2},"end":{"line":14,"column":7}},"loc":{"start":{"line":14,"column":28},"end":{"line":20,"column":3}}}},"branchMap":{"0":{"loc":{"start":{"line":15,"column":4},"end":{"line":17,"column":null}},"type":"if","locations":[{"start":{"line":15,"column":4},"end":{"line":17,"column":null}}]},"1":{"loc":{"start":{"line":15,"column":8},"end":{"line":15,"column":60}},"type":"binary-expr","locations":[{"start":{"line":15,"column":8},"end":{"line":15,"column":32}},{"start":{"line":15,"column":36},"end":{"line":15,"column":60}}]}},"s":{"0":2,"1":2,"2":2,"3":2,"4":1,"5":2,"6":1,"7":1,"8":1,"9":2,"10":2},"f":{"0":2,"1":1,"2":2},"b":{"0":[1],"1":[2,1]}}
,"/Users/ljouvnee/Projects/ais-survey-dashboard/src/authentication/dtos/signin.dto.ts": {"path":"/Users/ljouvnee/Projects/ais-survey-dashboard/src/authentication/dtos/signin.dto.ts","statementMap":{"0":{"start":{"line":1,"column":0},"end":{"line":1,"column":null}},"1":{"start":{"line":7,"column":2},"end":{"line":9,"column":null}},"2":{"start":{"line":11,"column":2},"end":{"line":13,"column":null}},"3":{"start":{"line":6,"column":0},"end":{"line":6,"column":13}}},"fnMap":{},"branchMap":{},"s":{"0":1,"1":1,"2":1,"3":1},"f":{},"b":{}}
,"/Users/ljouvnee/Projects/ais-survey-dashboard/src/common/decorators/index.ts": {"path":"/Users/ljouvnee/Projects/ais-survey-dashboard/src/common/decorators/index.ts","statementMap":{"0":{"start":{"line":1,"column":0},"end":{"line":1,"column":35}},"1":{"start":{"line":2,"column":0},"end":{"line":2,"column":37}}},"fnMap":{},"branchMap":{},"s":{"0":2,"1":2},"f":{},"b":{}}
,"/Users/ljouvnee/Projects/ais-survey-dashboard/src/common/decorators/optional.decorator.ts": {"path":"/Users/ljouvnee/Projects/ais-survey-dashboard/src/common/decorators/optional.decorator.ts","statementMap":{"0":{"start":{"line":1,"column":0},"end":{"line":1,"column":45}},"1":{"start":{"line":3,"column":24},"end":{"line":3,"column":61}},"2":{"start":{"line":3,"column":30},"end":{"line":3,"column":61}},"3":{"start":{"line":3,"column":13},"end":{"line":3,"column":24}}},"fnMap":{"0":{"name":"(anonymous_0)","decl":{"start":{"line":3,"column":24},"end":{"line":3,"column":27}},"loc":{"start":{"line":3,"column":30},"end":{"line":3,"column":61}}}},"branchMap":{},"s":{"0":2,"1":2,"2":0,"3":2},"f":{"0":0},"b":{}}
,"/Users/ljouvnee/Projects/ais-survey-dashboard/src/common/decorators/public.decorator.ts": {"path":"/Users/ljouvnee/Projects/ais-survey-dashboard/src/common/decorators/public.decorator.ts","statementMap":{"0":{"start":{"line":1,"column":0},"end":{"line":1,"column":45}},"1":{"start":{"line":3,"column":22},"end":{"line":3,"column":57}},"2":{"start":{"line":3,"column":28},"end":{"line":3,"column":57}},"3":{"start":{"line":3,"column":13},"end":{"line":3,"column":22}}},"fnMap":{"0":{"name":"(anonymous_0)","decl":{"start":{"line":3,"column":22},"end":{"line":3,"column":25}},"loc":{"start":{"line":3,"column":28},"end":{"line":3,"column":57}}}},"branchMap":{},"s":{"0":2,"1":2,"2":2,"3":2},"f":{"0":2},"b":{}}
,"/Users/ljouvnee/Projects/ais-survey-dashboard/src/common/transforms/index.ts": {"path":"/Users/ljouvnee/Projects/ais-survey-dashboard/src/common/transforms/index.ts","statementMap":{"0":{"start":{"line":1,"column":0},"end":{"line":1,"column":38}},"1":{"start":{"line":2,"column":0},"end":{"line":2,"column":43}}},"fnMap":{},"branchMap":{},"s":{"0":1,"1":1},"f":{},"b":{}}
,"/Users/ljouvnee/Projects/ais-survey-dashboard/src/common/transforms/infinity-pagination.ts": {"path":"/Users/ljouvnee/Projects/ais-survey-dashboard/src/common/transforms/infinity-pagination.ts","statementMap":{"0":{"start":{"line":3,"column":34},"end":{"line":15,"column":1}},"1":{"start":{"line":9,"column":2},"end":{"line":14,"column":4}},"2":{"start":{"line":3,"column":13},"end":{"line":3,"column":34}},"3":{"start":{"line":17,"column":43},"end":{"line":32,"column":1}},"4":{"start":{"line":26,"column":2},"end":{"line":31,"column":4}},"5":{"start":{"line":17,"column":13},"end":{"line":17,"column":43}}},"fnMap":{"0":{"name":"(anonymous_0)","decl":{"start":{"line":3,"column":34},"end":{"line":3,"column":null}},"loc":{"start":{"line":8,"column":37},"end":{"line":15,"column":1}}},"1":{"name":"(anonymous_1)","decl":{"start":{"line":17,"column":43},"end":{"line":17,"column":null}},"loc":{"start":{"line":25,"column":46},"end":{"line":32,"column":1}}}},"branchMap":{"0":{"loc":{"start":{"line":11,"column":11},"end":{"line":11,"column":24}},"type":"binary-expr","locations":[{"start":{"line":11,"column":11},"end":{"line":11,"column":16}},{"start":{"line":11,"column":20},"end":{"line":11,"column":24}}]},"1":{"loc":{"start":{"line":28,"column":11},"end":{"line":28,"column":24}},"type":"binary-expr","locations":[{"start":{"line":28,"column":11},"end":{"line":28,"column":16}},{"start":{"line":28,"column":20},"end":{"line":28,"column":24}}]}},"s":{"0":1,"1":3,"2":1,"3":1,"4":0,"5":1},"f":{"0":3,"1":0},"b":{"0":[3,0],"1":[0,0]}}
,"/Users/ljouvnee/Projects/ais-survey-dashboard/src/common/transforms/transform-default-result.ts": {"path":"/Users/ljouvnee/Projects/ais-survey-dashboard/src/common/transforms/transform-default-result.ts","statementMap":{"0":{"start":{"line":3,"column":38},"end":{"line":16,"column":1}},"1":{"start":{"line":4,"column":1},"end":{"line":10,"column":null}},"2":{"start":{"line":5,"column":2},"end":{"line":9,"column":4}},"3":{"start":{"line":11,"column":1},"end":{"line":15,"column":3}},"4":{"start":{"line":3,"column":13},"end":{"line":3,"column":38}}},"fnMap":{"0":{"name":"(anonymous_0)","decl":{"start":{"line":3,"column":38},"end":{"line":3,"column":42}},"loc":{"start":{"line":3,"column":131},"end":{"line":16,"column":1}}}},"branchMap":{"0":{"loc":{"start":{"line":4,"column":1},"end":{"line":10,"column":null}},"type":"if","locations":[{"start":{"line":4,"column":1},"end":{"line":10,"column":null}}]},"1":{"loc":{"start":{"line":7,"column":10},"end":{"line":7,"column":23}},"type":"binary-expr","locations":[{"start":{"line":7,"column":10},"end":{"line":7,"column":15}},{"start":{"line":7,"column":19},"end":{"line":7,"column":23}}]},"2":{"loc":{"start":{"line":13,"column":9},"end":{"line":13,"column":22}},"type":"binary-expr","locations":[{"start":{"line":13,"column":9},"end":{"line":13,"column":14}},{"start":{"line":13,"column":18},"end":{"line":13,"column":22}}]}},"s":{"0":1,"1":0,"2":0,"3":0,"4":1},"f":{"0":0},"b":{"0":[0],"1":[0,0],"2":[0,0]}}
,"/Users/ljouvnee/Projects/ais-survey-dashboard/src/common/types/alert.type.ts": {"path":"/Users/ljouvnee/Projects/ais-survey-dashboard/src/common/types/alert.type.ts","statementMap":{"0":{"start":{"line":3,"column":0},"end":{"line":3,"column":null}},"1":{"start":{"line":4,"column":1},"end":{"line":4,"column":null}},"2":{"start":{"line":5,"column":1},"end":{"line":5,"column":null}},"3":{"start":{"line":6,"column":1},"end":{"line":6,"column":null}},"4":{"start":{"line":7,"column":1},"end":{"line":7,"column":null}}},"fnMap":{"0":{"name":"(anonymous_0)","decl":{"start":{"line":3,"column":0},"end":{"line":3,"column":12}},"loc":{"start":{"line":3,"column":21},"end":{"line":8,"column":1}}}},"branchMap":{"0":{"loc":{"start":{"line":3,"column":12},"end":{"line":3,"column":null}},"type":"binary-expr","locations":[{"start":{"line":3,"column":12},"end":{"line":3,"column":21}},{"start":{"line":3,"column":12},"end":{"line":3,"column":null}}]}},"s":{"0":1,"1":1,"2":1,"3":1,"4":1},"f":{"0":1},"b":{"0":[1,1]}}
,"/Users/ljouvnee/Projects/ais-survey-dashboard/src/common/types/index.ts": {"path":"/Users/ljouvnee/Projects/ais-survey-dashboard/src/common/types/index.ts","statementMap":{"0":{"start":{"line":1,"column":0},"end":{"line":1,"column":29}},"1":{"start":{"line":2,"column":0},"end":{"line":2,"column":29}},"2":{"start":{"line":3,"column":0},"end":{"line":3,"column":38}},"3":{"start":{"line":4,"column":0},"end":{"line":4,"column":42}},"4":{"start":{"line":5,"column":0},"end":{"line":5,"column":50}}},"fnMap":{},"branchMap":{},"s":{"0":1,"1":1,"2":1,"3":1,"4":1},"f":{},"b":{}}
,"/Users/ljouvnee/Projects/ais-survey-dashboard/src/dashboard/dashboard.controller.ts": {"path":"/Users/ljouvnee/Projects/ais-survey-dashboard/src/dashboard/dashboard.controller.ts","statementMap":{"0":{"start":{"line":1,"column":0},"end":{"line":1,"column":110}},"1":{"start":{"line":2,"column":0},"end":{"line":2,"column":55}},"2":{"start":{"line":3,"column":0},"end":{"line":3,"column":46}},"3":{"start":{"line":4,"column":0},"end":{"line":4,"column":59}},"4":{"start":{"line":5,"column":0},"end":{"line":5,"column":58}},"5":{"start":{"line":6,"column":0},"end":{"line":6,"column":38}},"6":{"start":{"line":13,"column":7},"end":{"line":36,"column":null}},"7":{"start":{"line":14,"column":30},"end":{"line":14,"column":47}},"8":{"start":{"line":25,"column":2},"end":{"line":34,"column":4}},"9":{"start":{"line":19,"column":7},"end":{"line":35,"column":null}},"10":{"start":{"line":13,"column":13},"end":{"line":36,"column":null}},"11":{"start":{"line":13,"column":13},"end":{"line":13,"column":32}}},"fnMap":{"0":{"name":"(anonymous_4)","decl":{"start":{"line":14,"column":1},"end":{"line":14,"column":30}},"loc":{"start":{"line":14,"column":63},"end":{"line":14,"column":67}}},"1":{"name":"(anonymous_5)","decl":{"start":{"line":19,"column":1},"end":{"line":19,"column":6}},"loc":{"start":{"line":23,"column":21},"end":{"line":35,"column":2}}}},"branchMap":{},"s":{"0":1,"1":1,"2":1,"3":1,"4":1,"5":1,"6":1,"7":3,"8":3,"9":1,"10":1,"11":1},"f":{"0":3,"1":3},"b":{}}
,"/Users/ljouvnee/Projects/ais-survey-dashboard/src/dashboard/dashboard.service.ts": {"path":"/Users/ljouvnee/Projects/ais-survey-dashboard/src/dashboard/dashboard.service.ts","statementMap":{"0":{"start":{"line":1,"column":0},"end":{"line":1,"column":124}},"1":{"start":{"line":2,"column":0},"end":{"line":2,"column":55}},"2":{"start":{"line":3,"column":0},"end":{"line":3,"column":69}},"3":{"start":{"line":4,"column":0},"end":{"line":4,"column":77}},"4":{"start":{"line":6,"column":0},"end":{"line":6,"column":51}},"5":{"start":{"line":8,"column":0},"end":{"line":8,"column":32}},"6":{"start":{"line":9,"column":0},"end":{"line":9,"column":41}},"7":{"start":{"line":10,"column":0},"end":{"line":10,"column":45}},"8":{"start":{"line":12,"column":0},"end":{"line":12,"column":51}},"9":{"start":{"line":13,"column":0},"end":{"line":13,"column":49}},"10":{"start":{"line":15,"column":0},"end":{"line":15,"column":null}},"11":{"start":{"line":16,"column":2},"end":{"line":16,"column":null}},"12":{"start":{"line":17,"column":2},"end":{"line":17,"column":null}},"13":{"start":{"line":18,"column":2},"end":{"line":18,"column":null}},"14":{"start":{"line":19,"column":2},"end":{"line":19,"column":null}},"15":{"start":{"line":25,"column":7},"end":{"line":84,"column":null}},"16":{"start":{"line":27,"column":21},"end":{"line":27,"column":35}},"17":{"start":{"line":28,"column":21},"end":{"line":28,"column":46}},"18":{"start":{"line":29,"column":21},"end":{"line":29,"column":29}},"19":{"start":{"line":30,"column":21},"end":{"line":30,"column":34}},"20":{"start":{"line":33,"column":4},"end":{"line":33,"column":null}},"21":{"start":{"line":34,"column":4},"end":{"line":34,"column":null}},"22":{"start":{"line":39,"column":45},"end":{"line":39,"column":104}},"23":{"start":{"line":40,"column":32},"end":{"line":40,"column":73}},"24":{"start":{"line":41,"column":16},"end":{"line":41,"column":33}},"25":{"start":{"line":42,"column":22},"end":{"line":42,"column":74}},"26":{"start":{"line":43,"column":22},"end":{"line":43,"column":72}},"27":{"start":{"line":44,"column":18},"end":{"line":44,"column":59}},"28":{"start":{"line":45,"column":17},"end":{"line":45,"column":35}},"29":{"start":{"line":46,"column":4},"end":{"line":82,"column":null}},"30":{"start":{"line":47,"column":8},"end":{"line":53,"column":23}},"31":{"start":{"line":55,"column":18},"end":{"line":55,"column":35}},"32":{"start":{"line":56,"column":8},"end":{"line":59,"column":10}},"33":{"start":{"line":61,"column":8},"end":{"line":65,"column":169}},"34":{"start":{"line":67,"column":8},"end":{"line":67,"column":23}},"35":{"start":{"line":70,"column":18},"end":{"line":70,"column":35}},"36":{"start":{"line":71,"column":8},"end":{"line":79,"column":null}},"37":{"start":{"line":80,"column":8},"end":{"line":80,"column":100}},"38":{"start":{"line":81,"column":8},"end":{"line":81,"column":18}},"39":{"start":{"line":25,"column":13},"end":{"line":84,"column":null}},"40":{"start":{"line":25,"column":13},"end":{"line":25,"column":29}}},"fnMap":{"0":{"name":"(anonymous_2)","decl":{"start":{"line":15,"column":0},"end":{"line":15,"column":12}},"loc":{"start":{"line":15,"column":30},"end":{"line":20,"column":1}}},"1":{"name":"(anonymous_3)","decl":{"start":{"line":26,"column":2},"end":{"line":26,"column":null}},"loc":{"start":{"line":30,"column":60},"end":{"line":35,"column":3}}},"2":{"name":"(anonymous_4)","decl":{"start":{"line":37,"column":2},"end":{"line":37,"column":7}},"loc":{"start":{"line":37,"column":69},"end":{"line":83,"column":3}}}},"branchMap":{"0":{"loc":{"start":{"line":12,"column":14},"end":{"line":12,"column":49}},"type":"binary-expr","locations":[{"start":{"line":12,"column":14},"end":{"line":12,"column":33}},{"start":{"line":12,"column":38},"end":{"line":12,"column":49}}]},"1":{"loc":{"start":{"line":13,"column":14},"end":{"line":13,"column":47}},"type":"binary-expr","locations":[{"start":{"line":13,"column":14},"end":{"line":13,"column":32}},{"start":{"line":13,"column":37},"end":{"line":13,"column":47}}]},"2":{"loc":{"start":{"line":15,"column":12},"end":{"line":15,"column":null}},"type":"binary-expr","locations":[{"start":{"line":15,"column":12},"end":{"line":15,"column":30}},{"start":{"line":15,"column":12},"end":{"line":15,"column":null}}]}},"s":{"0":2,"1":2,"2":2,"3":2,"4":2,"5":2,"6":2,"7":2,"8":2,"9":2,"10":2,"11":2,"12":2,"13":2,"14":2,"15":2,"16":2,"17":2,"18":2,"19":2,"20":2,"21":2,"22":3,"23":3,"24":3,"25":3,"26":3,"27":3,"28":3,"29":3,"30":3,"31":2,"32":2,"33":2,"34":2,"35":1,"36":1,"37":1,"38":1,"39":2,"40":2},"f":{"0":2,"1":2,"2":3},"b":{"0":[2,2],"1":[2,2],"2":[2,2]}}
,"/Users/ljouvnee/Projects/ais-survey-dashboard/src/dashboard/dtos/dashboard.type.ts": {"path":"/Users/ljouvnee/Projects/ais-survey-dashboard/src/dashboard/dtos/dashboard.type.ts","statementMap":{"0":{"start":{"line":1,"column":0},"end":{"line":1,"column":55}},"1":{"start":{"line":2,"column":0},"end":{"line":2,"column":41}},"2":{"start":{"line":8,"column":4},"end":{"line":8,"column":22}},"3":{"start":{"line":13,"column":4},"end":{"line":13,"column":21}},"4":{"start":{"line":18,"column":4},"end":{"line":18,"column":23}},"5":{"start":{"line":5,"column":4},"end":{"line":8,"column":null}},"6":{"start":{"line":6,"column":16},"end":{"line":6,"column":22}},"7":{"start":{"line":10,"column":4},"end":{"line":13,"column":null}},"8":{"start":{"line":11,"column":16},"end":{"line":11,"column":22}},"9":{"start":{"line":15,"column":4},"end":{"line":18,"column":null}},"10":{"start":{"line":16,"column":16},"end":{"line":16,"column":22}},"11":{"start":{"line":4,"column":0},"end":{"line":4,"column":13}}},"fnMap":{"0":{"name":"(anonymous_2)","decl":{"start":{"line":4,"column":0},"end":{"line":4,"column":13}},"loc":{"start":{"line":4,"column":0},"end":{"line":21,"column":1}}},"1":{"name":"(anonymous_3)","decl":{"start":{"line":6,"column":10},"end":{"line":6,"column":13}},"loc":{"start":{"line":6,"column":16},"end":{"line":6,"column":22}}},"2":{"name":"(anonymous_4)","decl":{"start":{"line":11,"column":10},"end":{"line":11,"column":13}},"loc":{"start":{"line":11,"column":16},"end":{"line":11,"column":22}}},"3":{"name":"(anonymous_5)","decl":{"start":{"line":16,"column":10},"end":{"line":16,"column":13}},"loc":{"start":{"line":16,"column":16},"end":{"line":16,"column":22}}}},"branchMap":{},"s":{"0":1,"1":1,"2":0,"3":0,"4":0,"5":1,"6":0,"7":1,"8":0,"9":1,"10":0,"11":1},"f":{"0":0,"1":0,"2":0,"3":0},"b":{}}
,"/Users/ljouvnee/Projects/ais-survey-dashboard/src/dashboard/dtos/index.ts": {"path":"/Users/ljouvnee/Projects/ais-survey-dashboard/src/dashboard/dtos/index.ts","statementMap":{"0":{"start":{"line":1,"column":0},"end":{"line":1,"column":33}}},"fnMap":{},"branchMap":{},"s":{"0":1},"f":{},"b":{}}
,"/Users/ljouvnee/Projects/ais-survey-dashboard/src/database/mongoconnection.service.ts": {"path":"/Users/ljouvnee/Projects/ais-survey-dashboard/src/database/mongoconnection.service.ts","statementMap":{"0":{"start":{"line":1,"column":0},"end":{"line":1,"column":58}},"1":{"start":{"line":2,"column":0},"end":{"line":2,"column":41}},"2":{"start":{"line":3,"column":0},"end":{"line":3,"column":54}},"3":{"start":{"line":5,"column":0},"end":{"line":5,"column":50}},"4":{"start":{"line":6,"column":0},"end":{"line":6,"column":55}},"5":{"start":{"line":17,"column":31},"end":{"line":17,"column":42}},"6":{"start":{"line":10,"column":10},"end":{"line":10,"column":55}},"7":{"start":{"line":18,"column":4},"end":{"line":18,"column":80}},"8":{"start":{"line":18,"column":50},"end":{"line":18,"column":77}},"9":{"start":{"line":22,"column":21},"end":{"line":22,"column":47}},"10":{"start":{"line":24,"column":4},"end":{"line":35,"column":null}},"11":{"start":{"line":26,"column":6},"end":{"line":26,"column":63}},"12":{"start":{"line":26,"column":54},"end":{"line":26,"column":63}},"13":{"start":{"line":28,"column":6},"end":{"line":34,"column":null}},"14":{"start":{"line":30,"column":8},"end":{"line":30,"column":94}},"15":{"start":{"line":30,"column":48},"end":{"line":30,"column":91}},"16":{"start":{"line":33,"column":8},"end":{"line":33,"column":44}},"17":{"start":{"line":37,"column":4},"end":{"line":37,"column":24}},"18":{"start":{"line":41,"column":4},"end":{"line":55,"column":null}},"19":{"start":{"line":43,"column":20},"end":{"line":43,"column":54}},"20":{"start":{"line":44,"column":25},"end":{"line":44,"column":81}},"21":{"start":{"line":46,"column":6},"end":{"line":48,"column":null}},"22":{"start":{"line":47,"column":8},"end":{"line":47,"column":68}},"23":{"start":{"line":50,"column":6},"end":{"line":50,"column":52}},"24":{"start":{"line":52,"column":6},"end":{"line":54,"column":8}},"25":{"start":{"line":59,"column":4},"end":{"line":59,"column":34}},"26":{"start":{"line":63,"column":4},"end":{"line":63,"column":29}},"27":{"start":{"line":15,"column":26},"end":{"line":15,"column":90}},"28":{"start":{"line":9,"column":13},"end":{"line":65,"column":null}},"29":{"start":{"line":9,"column":13},"end":{"line":9,"column":35}}},"fnMap":{"0":{"name":"(anonymous_2)","decl":{"start":{"line":17,"column":2},"end":{"line":17,"column":31}},"loc":{"start":{"line":17,"column":51},"end":{"line":19,"column":3}}},"1":{"name":"(anonymous_3)","decl":{"start":{"line":18,"column":36},"end":{"line":18,"column":37}},"loc":{"start":{"line":18,"column":50},"end":{"line":18,"column":77}}},"2":{"name":"(anonymous_4)","decl":{"start":{"line":21,"column":2},"end":{"line":21,"column":7}},"loc":{"start":{"line":21,"column":20},"end":{"line":38,"column":3}}},"3":{"name":"(anonymous_5)","decl":{"start":{"line":30,"column":34},"end":{"line":30,"column":35}},"loc":{"start":{"line":30,"column":48},"end":{"line":30,"column":91}}},"4":{"name":"(anonymous_6)","decl":{"start":{"line":40,"column":10},"end":{"line":40,"column":15}},"loc":{"start":{"line":40,"column":57},"end":{"line":56,"column":3}}},"5":{"name":"(anonymous_7)","decl":{"start":{"line":58,"column":2},"end":{"line":58,"column":15}},"loc":{"start":{"line":58,"column":28},"end":{"line":60,"column":3}}},"6":{"name":"(anonymous_8)","decl":{"start":{"line":62,"column":2},"end":{"line":62,"column":16}},"loc":{"start":{"line":62,"column":16},"end":{"line":64,"column":3}}}},"branchMap":{"0":{"loc":{"start":{"line":24,"column":45},"end":{"line":24,"column":59}},"type":"binary-expr","locations":[{"start":{"line":24,"column":45},"end":{"line":24,"column":53}},{"start":{"line":24,"column":57},"end":{"line":24,"column":59}}]},"1":{"loc":{"start":{"line":26,"column":6},"end":{"line":26,"column":63}},"type":"if","locations":[{"start":{"line":26,"column":6},"end":{"line":26,"column":63}}]},"2":{"loc":{"start":{"line":28,"column":6},"end":{"line":34,"column":null}},"type":"if","locations":[{"start":{"line":28,"column":6},"end":{"line":34,"column":null}},{"start":{"line":31,"column":13},"end":{"line":34,"column":null}}]},"3":{"loc":{"start":{"line":46,"column":6},"end":{"line":48,"column":null}},"type":"if","locations":[{"start":{"line":46,"column":6},"end":{"line":48,"column":null}}]}},"s":{"0":2,"1":2,"2":2,"3":2,"4":2,"5":2,"6":2,"7":2,"8":2,"9":0,"10":0,"11":0,"12":0,"13":0,"14":0,"15":0,"16":0,"17":0,"18":0,"19":0,"20":0,"21":0,"22":0,"23":0,"24":0,"25":0,"26":0,"27":2,"28":2,"29":2},"f":{"0":2,"1":2,"2":0,"3":0,"4":0,"5":0,"6":0},"b":{"0":[0,0],"1":[0],"2":[0,0],"3":[0]}}
,"/Users/ljouvnee/Projects/ais-survey-dashboard/src/prometheus/prometheus.service.ts": {"path":"/Users/ljouvnee/Projects/ais-survey-dashboard/src/prometheus/prometheus.service.ts","statementMap":{"0":{"start":{"line":1,"column":0},"end":{"line":1,"column":44}},"1":{"start":{"line":2,"column":0},"end":{"line":2,"column":59}},"2":{"start":{"line":3,"column":0},"end":{"line":3,"column":56}},"3":{"start":{"line":4,"column":0},"end":{"line":4,"column":47}},"4":{"start":{"line":5,"column":0},"end":{"line":5,"column":47}},"5":{"start":{"line":7,"column":18},"end":{"line":7,"column":34}},"6":{"start":{"line":10,"column":7},"end":{"line":35,"column":null}},"7":{"start":{"line":13,"column":20},"end":{"line":13,"column":40}},"8":{"start":{"line":15,"column":20},"end":{"line":15,"column":41}},"9":{"start":{"line":17,"column":21},"end":{"line":17,"column":45}},"10":{"start":{"line":19,"column":21},"end":{"line":19,"column":46}},"11":{"start":{"line":20,"column":12},"end":{"line":20,"column":30}},"12":{"start":{"line":24,"column":4},"end":{"line":24,"column":73}},"13":{"start":{"line":27,"column":4},"end":{"line":27,"column":84}},"14":{"start":{"line":30,"column":4},"end":{"line":30,"column":85}},"15":{"start":{"line":33,"column":4},"end":{"line":33,"column":92}},"16":{"start":{"line":10,"column":13},"end":{"line":35,"column":null}},"17":{"start":{"line":10,"column":13},"end":{"line":10,"column":30}}},"fnMap":{"0":{"name":"(anonymous_4)","decl":{"start":{"line":11,"column":2},"end":{"line":11,"column":null}},"loc":{"start":{"line":20,"column":46},"end":{"line":21,"column":6}}},"1":{"name":"(anonymous_5)","decl":{"start":{"line":23,"column":2},"end":{"line":23,"column":13}},"loc":{"start":{"line":23,"column":31},"end":{"line":25,"column":3}}},"2":{"name":"(anonymous_6)","decl":{"start":{"line":26,"column":2},"end":{"line":26,"column":14}},"loc":{"start":{"line":26,"column":42},"end":{"line":28,"column":3}}},"3":{"name":"(anonymous_7)","decl":{"start":{"line":29,"column":2},"end":{"line":29,"column":17}},"loc":{"start":{"line":29,"column":59},"end":{"line":31,"column":3}}},"4":{"name":"(anonymous_8)","decl":{"start":{"line":32,"column":2},"end":{"line":32,"column":18}},"loc":{"start":{"line":32,"column":72},"end":{"line":34,"column":3}}}},"branchMap":{"0":{"loc":{"start":{"line":32,"column":62},"end":{"line":32,"column":72}},"type":"default-arg","locations":[{"start":{"line":32,"column":69},"end":{"line":32,"column":72}}]}},"s":{"0":4,"1":4,"2":4,"3":4,"4":4,"5":4,"6":4,"7":4,"8":4,"9":4,"10":4,"11":4,"12":1,"13":1,"14":1,"15":1,"16":4,"17":4},"f":{"0":4,"1":1,"2":1,"3":1,"4":1},"b":{"0":[0]}}
,"/Users/ljouvnee/Projects/ais-survey-dashboard/src/prometheus/timeStamp.ts": {"path":"/Users/ljouvnee/Projects/ais-survey-dashboard/src/prometheus/timeStamp.ts","statementMap":{"0":{"start":{"line":1,"column":0},"end":{"line":1,"column":44}},"1":{"start":{"line":4,"column":7},"end":{"line":19,"column":null}},"2":{"start":{"line":9,"column":4},"end":{"line":9,"column":32}},"3":{"start":{"line":12,"column":4},"end":{"line":12,"column":60}},"4":{"start":{"line":14,"column":4},"end":{"line":14,"column":27}},"5":{"start":{"line":17,"column":4},"end":{"line":17,"column":27}},"6":{"start":{"line":4,"column":13},"end":{"line":19,"column":null}},"7":{"start":{"line":4,"column":13},"end":{"line":4,"column":29}}},"fnMap":{"0":{"name":"(anonymous_1)","decl":{"start":{"line":8,"column":2},"end":{"line":8,"column":14}},"loc":{"start":{"line":8,"column":29},"end":{"line":10,"column":3}}},"1":{"name":"(anonymous_2)","decl":{"start":{"line":11,"column":2},"end":{"line":11,"column":14}},"loc":{"start":{"line":11,"column":29},"end":{"line":15,"column":3}}},"2":{"name":"(anonymous_3)","decl":{"start":{"line":16,"column":2},"end":{"line":16,"column":14}},"loc":{"start":{"line":16,"column":14},"end":{"line":18,"column":3}}}},"branchMap":{},"s":{"0":4,"1":4,"2":0,"3":0,"4":0,"5":0,"6":4,"7":4},"f":{"0":0,"1":0,"2":0},"b":{}}
,"/Users/ljouvnee/Projects/ais-survey-dashboard/src/utils/utils.services.ts": {"path":"/Users/ljouvnee/Projects/ais-survey-dashboard/src/utils/utils.services.ts","statementMap":{"0":{"start":{"line":1,"column":0},"end":{"line":1,"column":33}},"1":{"start":{"line":2,"column":0},"end":{"line":2,"column":39}},"2":{"start":{"line":3,"column":0},"end":{"line":3,"column":32}},"3":{"start":{"line":4,"column":0},"end":{"line":4,"column":70}},"4":{"start":{"line":9,"column":29},"end":{"line":9,"column":61}},"5":{"start":{"line":11,"column":8},"end":{"line":11,"column":30}},"6":{"start":{"line":15,"column":21},"end":{"line":19,"column":null}},"7":{"start":{"line":22,"column":8},"end":{"line":22,"column":26}},"8":{"start":{"line":6,"column":0},"end":{"line":6,"column":13}}},"fnMap":{"0":{"name":"(anonymous_6)","decl":{"start":{"line":8,"column":4},"end":{"line":8,"column":10}},"loc":{"start":{"line":8,"column":22},"end":{"line":12,"column":5}}},"1":{"name":"(anonymous_7)","decl":{"start":{"line":14,"column":4},"end":{"line":14,"column":10}},"loc":{"start":{"line":14,"column":23},"end":{"line":23,"column":5}}}},"branchMap":{},"s":{"0":2,"1":2,"2":2,"3":2,"4":0,"5":0,"6":2,"7":2,"8":2},"f":{"0":0,"1":2},"b":{}}
}
